122 : 2023-07-17 06:58:02,466 : INFO : telemetry.main : Attempt start. Configuration directory [/home/ashok/.azure].
122 : 2023-07-17 06:58:02,466 : INFO : telemetry.check : Positive: The /home/ashok/.azure/telemetry.txt does not exist.
122 : 2023-07-17 06:58:02,466 : DEBUG : telemetry.note : acquiring lock
122 : 2023-07-17 06:58:02,467 : DEBUG : telemetry.note : acquired lock
122 : 2023-07-17 06:58:02,467 : INFO : telemetry.note : Update the note mtime to 2023-07-17 06:58:02.467256
122 : 2023-07-17 06:58:02,467 : WARNING : telemetry.note : Fail to parse or read the timestamp 'N/A' in the note file. Set the last send time to minimal. Reason: not readable
122 : 2023-07-17 06:58:02,468 : INFO : telemetry.records : 1 cache files to move.
122 : 2023-07-17 06:58:02,468 : INFO : telemetry.records : Create temp folder /tmp/tmp2dbzrw1f
122 : 2023-07-17 06:58:02,468 : INFO : telemetry.records : Move file /home/ashok/.azure/telemetry/cache to /tmp/tmp2dbzrw1f/cache
122 : 2023-07-17 06:58:02,471 : INFO : telemetry.records : Processed file /tmp/tmp2dbzrw1f/cache into 1 records.
122 : 2023-07-17 06:58:02,471 : INFO : telemetry.records : Remove directory /tmp/tmp2dbzrw1f
122 : 2023-07-17 06:58:02,471 : INFO : telemetry.client : Accumulated 1 events. Flush the clients.
122 : 2023-07-17 06:58:02,471 : INFO : telemetry.client : Flush client c4395b75-49cc-422c-bc95-c7d51aef5d46.
122 : 2023-07-17 06:58:03,161 : INFO : telemetry.sender : Sending 3839 bytes
122 : 2023-07-17 06:58:03,162 : INFO : telemetry.sender : Finish uploading in 0.690161 seconds.
122 : 2023-07-17 06:58:03,162 : INFO : telemetry.note : Update the last send in note to 2023-07-17 06:58:02
122 : 2023-07-17 06:58:03,162 : INFO : telemetry.note : Update the note mtime to 2023-07-17 06:58:03.162972
110 : 2023-07-17 11:01:02,844 : INFO : telemetry.main : Attempt start. Configuration directory [/home/ashok/.azure].
110 : 2023-07-17 11:01:02,850 : INFO : telemetry.check : Returns Positive.
110 : 2023-07-17 11:01:02,851 : DEBUG : telemetry.note : acquiring lock
110 : 2023-07-17 11:01:02,851 : DEBUG : telemetry.note : acquired lock
110 : 2023-07-17 11:01:02,851 : INFO : telemetry.note : Update the note mtime to 2023-07-17 11:01:02.851371
110 : 2023-07-17 11:01:02,858 : INFO : telemetry.note : Read timestamp from the note. The last send was 2023-07-17 06:58:02.
110 : 2023-07-17 11:01:02,859 : INFO : telemetry.records : 1 cache files to move.
110 : 2023-07-17 11:01:02,859 : INFO : telemetry.records : Create temp folder /tmp/tmp19kve56_
110 : 2023-07-17 11:01:02,900 : INFO : telemetry.records : Move file /home/ashok/.azure/telemetry/cache to /tmp/tmp19kve56_/cache
110 : 2023-07-17 11:01:02,900 : INFO : telemetry.records : Processed file /tmp/tmp19kve56_/cache into 6 records.
110 : 2023-07-17 11:01:02,901 : INFO : telemetry.records : Remove directory /tmp/tmp19kve56_
110 : 2023-07-17 11:01:02,902 : INFO : telemetry.client : Accumulated 6 events. Flush the clients.
110 : 2023-07-17 11:01:02,902 : INFO : telemetry.client : Flush client c4395b75-49cc-422c-bc95-c7d51aef5d46.
110 : 2023-07-17 11:01:03,752 : INFO : telemetry.sender : Sending 23042 bytes
110 : 2023-07-17 11:01:03,753 : INFO : telemetry.sender : Finish uploading in 0.849222 seconds.
110 : 2023-07-17 11:01:03,753 : INFO : telemetry.note : Update the last send in note to 2023-07-17 11:01:02
110 : 2023-07-17 11:01:03,753 : INFO : telemetry.note : Update the note mtime to 2023-07-17 11:01:03.753561
585 : 2023-07-17 12:11:16,178 : INFO : telemetry.main : Attempt start. Configuration directory [/home/ashok/.azure].
585 : 2023-07-17 12:11:16,178 : INFO : telemetry.check : Returns Positive.
585 : 2023-07-17 12:11:16,178 : DEBUG : telemetry.note : acquiring lock
585 : 2023-07-17 12:11:16,178 : DEBUG : telemetry.note : acquired lock
585 : 2023-07-17 12:11:16,178 : INFO : telemetry.note : Update the note mtime to 2023-07-17 12:11:16.178731
585 : 2023-07-17 12:11:16,181 : INFO : telemetry.note : Read timestamp from the note. The last send was 2023-07-17 11:01:02.
585 : 2023-07-17 12:11:16,182 : INFO : telemetry.records : 1 cache files to move.
585 : 2023-07-17 12:11:16,182 : INFO : telemetry.records : Create temp folder /tmp/tmphwlxpzra
585 : 2023-07-17 12:11:16,185 : INFO : telemetry.records : Move file /home/ashok/.azure/telemetry/cache to /tmp/tmphwlxpzra/cache
585 : 2023-07-17 12:11:16,186 : INFO : telemetry.records : Processed file /tmp/tmphwlxpzra/cache into 4 records.
585 : 2023-07-17 12:11:16,186 : INFO : telemetry.records : Remove directory /tmp/tmphwlxpzra
585 : 2023-07-17 12:11:16,187 : INFO : telemetry.client : Accumulated 4 events. Flush the clients.
585 : 2023-07-17 12:11:16,187 : INFO : telemetry.client : Flush client c4395b75-49cc-422c-bc95-c7d51aef5d46.
585 : 2023-07-17 12:11:17,050 : INFO : telemetry.sender : Sending 15504 bytes
585 : 2023-07-17 12:11:17,051 : INFO : telemetry.sender : Finish uploading in 0.863114 seconds.
585 : 2023-07-17 12:11:17,051 : INFO : telemetry.note : Update the last send in note to 2023-07-17 12:11:16
585 : 2023-07-17 12:11:17,051 : INFO : telemetry.note : Update the note mtime to 2023-07-17 12:11:17.051712
109 : 2023-07-17 15:18:15,736 : INFO : telemetry.main : Attempt start. Configuration directory [/home/ashok/.azure].
109 : 2023-07-17 15:18:15,756 : INFO : telemetry.check : Returns Positive.
109 : 2023-07-17 15:18:15,756 : DEBUG : telemetry.note : acquiring lock
109 : 2023-07-17 15:18:15,756 : DEBUG : telemetry.note : acquired lock
109 : 2023-07-17 15:18:15,756 : INFO : telemetry.note : Update the note mtime to 2023-07-17 15:18:15.756741
109 : 2023-07-17 15:18:15,763 : INFO : telemetry.note : Read timestamp from the note. The last send was 2023-07-17 12:11:16.
109 : 2023-07-17 15:18:15,764 : INFO : telemetry.records : 1 cache files to move.
109 : 2023-07-17 15:18:15,765 : INFO : telemetry.records : Create temp folder /tmp/tmpqkj96lfd
109 : 2023-07-17 15:18:15,765 : INFO : telemetry.records : Move file /home/ashok/.azure/telemetry/cache to /tmp/tmpqkj96lfd/cache
109 : 2023-07-17 15:18:15,766 : INFO : telemetry.records : Processed file /tmp/tmpqkj96lfd/cache into 1 records.
109 : 2023-07-17 15:18:15,766 : INFO : telemetry.records : Remove directory /tmp/tmpqkj96lfd
109 : 2023-07-17 15:18:15,767 : INFO : telemetry.client : Accumulated 1 events. Flush the clients.
109 : 2023-07-17 15:18:15,767 : INFO : telemetry.client : Flush client c4395b75-49cc-422c-bc95-c7d51aef5d46.
109 : 2023-07-17 15:18:16,370 : INFO : telemetry.sender : Sending 3819 bytes
109 : 2023-07-17 15:18:16,371 : INFO : telemetry.sender : Finish uploading in 0.603808 seconds.
109 : 2023-07-17 15:18:16,371 : INFO : telemetry.note : Update the last send in note to 2023-07-17 15:18:15
109 : 2023-07-17 15:18:16,371 : INFO : telemetry.note : Update the note mtime to 2023-07-17 15:18:16.371817
111 : 2023-07-17 17:40:41,360 : INFO : telemetry.main : Attempt start. Configuration directory [/home/ashok/.azure].
111 : 2023-07-17 17:40:41,365 : INFO : telemetry.check : Returns Positive.
111 : 2023-07-17 17:40:41,365 : DEBUG : telemetry.note : acquiring lock
111 : 2023-07-17 17:40:41,365 : DEBUG : telemetry.note : acquired lock
111 : 2023-07-17 17:40:41,366 : INFO : telemetry.note : Update the note mtime to 2023-07-17 17:40:41.366414
111 : 2023-07-17 17:40:41,373 : INFO : telemetry.note : Read timestamp from the note. The last send was 2023-07-17 15:18:15.
111 : 2023-07-17 17:40:41,374 : INFO : telemetry.records : 1 cache files to move.
111 : 2023-07-17 17:40:41,374 : INFO : telemetry.records : Create temp folder /tmp/tmp8054rgmh
111 : 2023-07-17 17:40:41,375 : INFO : telemetry.records : Move file /home/ashok/.azure/telemetry/cache to /tmp/tmp8054rgmh/cache
111 : 2023-07-17 17:40:41,376 : INFO : telemetry.records : Processed file /tmp/tmp8054rgmh/cache into 2 records.
111 : 2023-07-17 17:40:41,376 : INFO : telemetry.records : Remove directory /tmp/tmp8054rgmh
111 : 2023-07-17 17:40:41,377 : INFO : telemetry.client : Accumulated 2 events. Flush the clients.
111 : 2023-07-17 17:40:41,377 : INFO : telemetry.client : Flush client c4395b75-49cc-422c-bc95-c7d51aef5d46.
111 : 2023-07-17 17:40:41,986 : INFO : telemetry.sender : Sending 7652 bytes
111 : 2023-07-17 17:40:41,987 : INFO : telemetry.sender : Finish uploading in 0.609667 seconds.
111 : 2023-07-17 17:40:41,987 : INFO : telemetry.note : Update the last send in note to 2023-07-17 17:40:41
111 : 2023-07-17 17:40:41,987 : INFO : telemetry.note : Update the note mtime to 2023-07-17 17:40:41.987934
108 : 2023-07-24 05:14:05,717 : INFO : telemetry.main : Attempt start. Configuration directory [/home/ashok/.azure].
108 : 2023-07-24 05:14:05,721 : INFO : telemetry.check : Returns Positive.
108 : 2023-07-24 05:14:05,721 : DEBUG : telemetry.note : acquiring lock
108 : 2023-07-24 05:14:05,721 : DEBUG : telemetry.note : acquired lock
108 : 2023-07-24 05:14:05,721 : INFO : telemetry.note : Update the note mtime to 2023-07-24 05:14:05.721768
108 : 2023-07-24 05:14:05,728 : INFO : telemetry.note : Read timestamp from the note. The last send was 2023-07-17 17:40:41.
108 : 2023-07-24 05:14:05,729 : INFO : telemetry.records : 1 cache files to move.
108 : 2023-07-24 05:14:05,729 : INFO : telemetry.records : Create temp folder /tmp/tmplbtqnyy4
108 : 2023-07-24 05:14:05,730 : INFO : telemetry.records : Move file /home/ashok/.azure/telemetry/cache to /tmp/tmplbtqnyy4/cache
108 : 2023-07-24 05:14:05,730 : INFO : telemetry.records : Processed file /tmp/tmplbtqnyy4/cache into 1 records.
108 : 2023-07-24 05:14:05,731 : INFO : telemetry.records : Remove directory /tmp/tmplbtqnyy4
108 : 2023-07-24 05:14:05,731 : INFO : telemetry.client : Accumulated 1 events. Flush the clients.
108 : 2023-07-24 05:14:05,731 : INFO : telemetry.client : Flush client c4395b75-49cc-422c-bc95-c7d51aef5d46.
108 : 2023-07-24 05:14:06,503 : INFO : telemetry.sender : Sending 3818 bytes
108 : 2023-07-24 05:14:06,504 : INFO : telemetry.sender : Finish uploading in 0.772395 seconds.
108 : 2023-07-24 05:14:06,504 : INFO : telemetry.note : Update the last send in note to 2023-07-24 05:14:05
108 : 2023-07-24 05:14:06,504 : INFO : telemetry.note : Update the note mtime to 2023-07-24 05:14:06.504760
109 : 2023-07-24 09:25:56,469 : INFO : telemetry.main : Attempt start. Configuration directory [/home/ashok/.azure].
109 : 2023-07-24 09:25:56,507 : INFO : telemetry.check : Returns Positive.
109 : 2023-07-24 09:25:56,507 : DEBUG : telemetry.note : acquiring lock
109 : 2023-07-24 09:25:56,507 : DEBUG : telemetry.note : acquired lock
109 : 2023-07-24 09:25:56,507 : INFO : telemetry.note : Update the note mtime to 2023-07-24 09:25:56.507885
109 : 2023-07-24 09:25:56,513 : INFO : telemetry.note : Read timestamp from the note. The last send was 2023-07-24 05:14:05.
109 : 2023-07-24 09:25:56,514 : INFO : telemetry.records : 1 cache files to move.
109 : 2023-07-24 09:25:56,514 : INFO : telemetry.records : Create temp folder /tmp/tmp1bp_wx31
109 : 2023-07-24 09:25:56,515 : INFO : telemetry.records : Move file /home/ashok/.azure/telemetry/cache to /tmp/tmp1bp_wx31/cache
109 : 2023-07-24 09:25:56,515 : INFO : telemetry.records : Processed file /tmp/tmp1bp_wx31/cache into 2 records.
109 : 2023-07-24 09:25:56,515 : INFO : telemetry.records : Remove directory /tmp/tmp1bp_wx31
109 : 2023-07-24 09:25:56,516 : INFO : telemetry.client : Accumulated 2 events. Flush the clients.
109 : 2023-07-24 09:25:56,516 : INFO : telemetry.client : Flush client c4395b75-49cc-422c-bc95-c7d51aef5d46.
109 : 2023-07-24 09:25:57,324 : INFO : telemetry.sender : Sending 7654 bytes
109 : 2023-07-24 09:25:57,325 : INFO : telemetry.sender : Finish uploading in 0.808222 seconds.
109 : 2023-07-24 09:25:57,325 : INFO : telemetry.note : Update the last send in note to 2023-07-24 09:25:56
109 : 2023-07-24 09:25:57,325 : INFO : telemetry.note : Update the note mtime to 2023-07-24 09:25:57.325839
109 : 2023-07-24 12:23:38,162 : INFO : telemetry.main : Attempt start. Configuration directory [/home/ashok/.azure].
109 : 2023-07-24 12:23:38,191 : INFO : telemetry.check : Returns Positive.
109 : 2023-07-24 12:23:38,192 : DEBUG : telemetry.note : acquiring lock
109 : 2023-07-24 12:23:38,193 : DEBUG : telemetry.note : acquired lock
109 : 2023-07-24 12:23:38,193 : INFO : telemetry.note : Update the note mtime to 2023-07-24 12:23:38.193472
109 : 2023-07-24 12:23:38,209 : INFO : telemetry.note : Read timestamp from the note. The last send was 2023-07-24 09:25:56.
109 : 2023-07-24 12:23:38,210 : INFO : telemetry.records : 1 cache files to move.
109 : 2023-07-24 12:23:38,210 : INFO : telemetry.records : Create temp folder /tmp/tmpqwt0857a
109 : 2023-07-24 12:23:38,210 : INFO : telemetry.records : Move file /home/ashok/.azure/telemetry/cache to /tmp/tmpqwt0857a/cache
109 : 2023-07-24 12:23:38,211 : INFO : telemetry.records : Processed file /tmp/tmpqwt0857a/cache into 1 records.
109 : 2023-07-24 12:23:38,211 : INFO : telemetry.records : Remove directory /tmp/tmpqwt0857a
109 : 2023-07-24 12:23:38,212 : INFO : telemetry.client : Accumulated 1 events. Flush the clients.
109 : 2023-07-24 12:23:38,212 : INFO : telemetry.client : Flush client c4395b75-49cc-422c-bc95-c7d51aef5d46.
109 : 2023-07-24 12:23:39,191 : INFO : telemetry.sender : Sending 3819 bytes
109 : 2023-07-24 12:23:39,191 : INFO : telemetry.sender : Finish uploading in 0.979368 seconds.
109 : 2023-07-24 12:23:39,192 : INFO : telemetry.note : Update the last send in note to 2023-07-24 12:23:37
109 : 2023-07-24 12:23:39,192 : INFO : telemetry.note : Update the note mtime to 2023-07-24 12:23:39.192185
1107 : 2023-07-24 16:21:45,503 : INFO : telemetry.main : Attempt start. Configuration directory [/home/ashok/.azure].
1107 : 2023-07-24 16:21:45,503 : INFO : telemetry.check : Returns Positive.
1107 : 2023-07-24 16:21:45,503 : DEBUG : telemetry.note : acquiring lock
1107 : 2023-07-24 16:21:45,504 : DEBUG : telemetry.note : acquired lock
1107 : 2023-07-24 16:21:45,504 : INFO : telemetry.note : Update the note mtime to 2023-07-24 16:21:45.504071
1107 : 2023-07-24 16:21:45,505 : INFO : telemetry.note : Read timestamp from the note. The last send was 2023-07-24 12:23:37.
1107 : 2023-07-24 16:21:45,506 : INFO : telemetry.records : 1 cache files to move.
1107 : 2023-07-24 16:21:45,506 : INFO : telemetry.records : Create temp folder /tmp/tmpjfgo7ga6
1107 : 2023-07-24 16:21:45,506 : INFO : telemetry.records : Move file /home/ashok/.azure/telemetry/cache to /tmp/tmpjfgo7ga6/cache
1107 : 2023-07-24 16:21:45,506 : INFO : telemetry.records : Processed file /tmp/tmpjfgo7ga6/cache into 2 records.
1107 : 2023-07-24 16:21:45,506 : INFO : telemetry.records : Remove directory /tmp/tmpjfgo7ga6
1107 : 2023-07-24 16:21:45,507 : INFO : telemetry.client : Accumulated 2 events. Flush the clients.
1107 : 2023-07-24 16:21:45,507 : INFO : telemetry.client : Flush client c4395b75-49cc-422c-bc95-c7d51aef5d46.
1107 : 2023-07-24 16:21:46,185 : INFO : telemetry.sender : Sending 7675 bytes
1107 : 2023-07-24 16:21:46,185 : INFO : telemetry.sender : Finish uploading in 0.678195 seconds.
1107 : 2023-07-24 16:21:46,186 : INFO : telemetry.note : Update the last send in note to 2023-07-24 16:21:45
1107 : 2023-07-24 16:21:46,186 : INFO : telemetry.note : Update the note mtime to 2023-07-24 16:21:46.186302
108 : 2023-07-25 06:47:57,066 : INFO : telemetry.main : Attempt start. Configuration directory [/home/ashok/.azure].
108 : 2023-07-25 06:47:57,082 : INFO : telemetry.check : Returns Positive.
108 : 2023-07-25 06:47:57,082 : DEBUG : telemetry.note : acquiring lock
108 : 2023-07-25 06:47:57,082 : DEBUG : telemetry.note : acquired lock
108 : 2023-07-25 06:47:57,083 : INFO : telemetry.note : Update the note mtime to 2023-07-25 06:47:57.083008
108 : 2023-07-25 06:47:57,091 : INFO : telemetry.note : Read timestamp from the note. The last send was 2023-07-24 16:21:45.
108 : 2023-07-25 06:47:57,092 : INFO : telemetry.records : 1 cache files to move.
108 : 2023-07-25 06:47:57,092 : INFO : telemetry.records : Create temp folder /tmp/tmpo0jxolb2
108 : 2023-07-25 06:47:57,138 : INFO : telemetry.records : Move file /home/ashok/.azure/telemetry/cache to /tmp/tmpo0jxolb2/cache
108 : 2023-07-25 06:47:57,138 : INFO : telemetry.records : Processed file /tmp/tmpo0jxolb2/cache into 4 records.
108 : 2023-07-25 06:47:57,139 : INFO : telemetry.records : Remove directory /tmp/tmpo0jxolb2
108 : 2023-07-25 06:47:57,140 : INFO : telemetry.client : Accumulated 4 events. Flush the clients.
108 : 2023-07-25 06:47:57,140 : INFO : telemetry.client : Flush client c4395b75-49cc-422c-bc95-c7d51aef5d46.
108 : 2023-07-25 06:47:58,079 : INFO : telemetry.sender : Sending 17663 bytes
108 : 2023-07-25 06:47:58,080 : INFO : telemetry.sender : Finish uploading in 0.938877 seconds.
108 : 2023-07-25 06:47:58,080 : INFO : telemetry.note : Update the last send in note to 2023-07-25 06:47:56
108 : 2023-07-25 06:47:58,080 : INFO : telemetry.note : Update the note mtime to 2023-07-25 06:47:58.080510
